
postmark 1 2048 1 3.316167 62256
postmark 1 2048 2 3.478746 62256
postmark 1 2048 3 3.511917 62256
postmark 1 2048 4 3.442141 62256
postmark 1 2048 5 3.324106 62256
postmark 1 2048 6 3.239362 62256
postmark 1 4096 1 3.299724 62256
postmark 1 4096 2 3.803436 62256
postmark 1 4096 3 3.959307 62256
postmark 1 4096 4 4.020577 62256
postmark 1 4096 5 3.924085 62256
postmark 1 4096 6 3.913290 62256
postmark 1 8192 1 3.100292 62256
postmark 1 8192 2 3.871908 62256
postmark 1 8192 3 4.136643 62256
postmark 1 8192 4 4.326396 62256
postmark 1 8192 5 4.327117 62256
postmark 1 8192 6 4.454415 62256
postmark 1 16384 1 3.051451 62256
postmark 1 16384 2 3.782964 62256
postmark 1 16384 3 4.267749 62256
postmark 1 16384 4 4.443332 62256
postmark 1 16384 5 4.644367 62256
postmark 1 16384 6 4.675287 62256
postmark 1 32768 1 2.881127 62256
postmark 1 32768 2 3.712845 62256
postmark 1 32768 3 4.270444 62256
postmark 1 32768 4 4.471032 62256
postmark 1 32768 5 4.735628 62256
postmark 1 32768 6 4.833848 62256
postmark 1 65536 1 2.785660 62256
postmark 1 65536 2 3.629863 62256
postmark 1 65536 3 4.190944 62256
postmark 1 65536 4 4.444174 62256
postmark 1 65536 5 4.694988 62256
postmark 1 65536 6 4.931233 62256
postmark 2 2048 1 3.373321 62256
postmark 2 2048 2 3.588794 62256
postmark 2 2048 3 3.571746 62256
postmark 2 2048 4 3.503861 62256
postmark 2 2048 5 3.389107 62256
postmark 2 2048 6 3.289575 62256
postmark 2 4096 1 3.196514 62256
postmark 2 4096 2 3.867441 62256
postmark 2 4096 3 4.197286 62256
postmark 2 4096 4 4.225485 62256
postmark 2 4096 5 4.232316 62256
postmark 2 4096 6 4.171061 62256
postmark 2 8192 1 2.981225 62256
postmark 2 8192 2 3.847502 62256
postmark 2 8192 3 4.240222 62256
postmark 2 8192 4 4.442782 62256
postmark 2 8192 5 4.589708 62256
postmark 2 8192 6 4.609698 62256
postmark 2 16384 1 2.897985 62256
postmark 2 16384 2 3.660018 62256
postmark 2 16384 3 4.205465 62256
postmark 2 16384 4 4.418520 62256
postmark 2 16384 5 4.628433 62256
postmark 2 16384 6 4.802312 62256
postmark 2 32768 1 2.729275 62256
postmark 2 32768 2 3.613859 62256
postmark 2 32768 3 4.134465 62256
postmark 2 32768 4 4.370816 62256
postmark 2 32768 5 4.632689 62256
postmark 2 32768 6 4.921281 62256
postmark 2 65536 1 2.701585 62256
postmark 2 65536 2 3.650703 62256
postmark 2 65536 3 4.213159 62256
postmark 2 65536 4 4.463188 62256
postmark 2 65536 5 4.680860 62256
postmark 2 65536 6 4.973740 62256
postmark 4 2048 1 3.295954 62256
postmark 4 2048 2 3.552125 62256
postmark 4 2048 3 3.558271 62256
postmark 4 2048 4 3.519720 62256
postmark 4 2048 5 3.395069 62256
postmark 4 2048 6 3.269129 62256
postmark 4 4096 1 3.197685 62256
postmark 4 4096 2 3.805196 62256
postmark 4 4096 3 4.128724 62256
postmark 4 4096 4 4.230058 62256
postmark 4 4096 5 4.234427 62256
postmark 4 4096 6 4.199946 62256
postmark 4 8192 1 2.930012 62256
postmark 4 8192 2 3.806043 62256
postmark 4 8192 3 4.199648 62256
postmark 4 8192 4 4.401528 62256
postmark 4 8192 5 4.494522 62256
postmark 4 8192 6 4.539190 62256
postmark 4 16384 1 2.844479 62256
postmark 4 16384 2 3.628017 62256
postmark 4 16384 3 4.136040 62256
postmark 4 16384 4 4.503507 62256
postmark 4 16384 5 4.601795 62256
postmark 4 16384 6 4.756506 62256
postmark 4 32768 1 2.757572 62256
postmark 4 32768 2 3.598137 62256
postmark 4 32768 3 4.128858 62256
postmark 4 32768 4 4.385346 62256
postmark 4 32768 5 4.649656 62256
postmark 4 32768 6 4.895104 62256
postmark 4 65536 1 2.694866 62256
postmark 4 65536 2 3.560954 62256
postmark 4 65536 3 4.130851 62256
postmark 4 65536 4 4.435849 62256
postmark 4 65536 5 4.689564 62256
postmark 4 65536 6 4.959694 62256
iozone 1 2048 1 5.796506 99997
iozone 1 2048 2 6.028789 99997
iozone 1 2048 3 6.098140 99998
iozone 1 2048 4 6.151508 99997
iozone 1 2048 5 6.194290 99997
iozone 1 2048 6 6.187626 99997
iozone 1 4096 1 5.594658 99997
iozone 1 4096 2 5.877711 99998
iozone 1 4096 3 5.947471 99998
iozone 1 4096 4 5.964827 99997
iozone 1 4096 5 6.013958 99997
iozone 1 4096 6 6.018843 99998
iozone 1 8192 1 5.406440 99998
iozone 1 8192 2 5.705931 99998
iozone 1 8192 3 5.796836 99997
iozone 1 8192 4 5.784327 99997
iozone 1 8192 5 5.834655 99997
iozone 1 8192 6 5.841118 99998
iozone 1 16384 1 5.097415 99998
iozone 1 16384 2 5.370753 99998
iozone 1 16384 3 5.422571 99998
iozone 1 16384 4 5.447934 99998
iozone 1 16384 5 5.473051 99998
iozone 1 16384 6 5.503067 99998
iozone 1 32768 1 4.409683 99997
iozone 1 32768 2 4.685579 99997
iozone 1 32768 3 4.722124 99997
iozone 1 32768 4 4.762158 99998
iozone 1 32768 5 4.755305 99997
iozone 1 32768 6 4.770758 99998
iozone 1 65536 1 2.872114 99997
iozone 1 65536 2 2.968474 99997
iozone 1 65536 3 2.983886 99998
iozone 1 65536 4 2.983406 99998
iozone 1 65536 5 2.991795 99998
iozone 1 65536 6 3.002258 99998
iozone 2 2048 1 5.737128 99997
iozone 2 2048 2 6.051645 99998
iozone 2 2048 3 6.132965 99998
iozone 2 2048 4 6.149852 99998
iozone 2 2048 5 6.202821 99997
iozone 2 2048 6 6.183191 99998
iozone 2 4096 1 5.562576 99997
iozone 2 4096 2 5.851627 99997
iozone 2 4096 3 5.943144 99997
iozone 2 4096 4 5.952196 99997
iozone 2 4096 5 5.988268 99997
iozone 2 4096 6 6.035477 99997
iozone 2 8192 1 5.361426 99998
iozone 2 8192 2 5.669907 99998
iozone 2 8192 3 5.773383 99998
iozone 2 8192 4 5.757398 99998
iozone 2 8192 5 5.835702 99997
iozone 2 8192 6 5.834726 99998
iozone 2 16384 1 5.104915 99998
iozone 2 16384 2 5.354312 99998
iozone 2 16384 3 5.423494 99998
iozone 2 16384 4 5.510646 99998
iozone 2 16384 5 5.479151 99998
iozone 2 16384 6 5.496067 99998
iozone 2 32768 1 4.488886 99998
iozone 2 32768 2 4.719234 99997
iozone 2 32768 3 4.774992 99998
iozone 2 32768 4 4.808361 99998
iozone 2 32768 5 4.820639 99998
iozone 2 32768 6 4.836667 99997
iozone 2 65536 1 2.923409 99997
iozone 2 65536 2 3.006374 99997
iozone 2 65536 3 3.027850 99998
iozone 2 65536 4 3.053974 99998
iozone 2 65536 5 3.056197 99998
iozone 2 65536 6 3.065597 99998
iozone 4 2048 1 5.799832 99997
iozone 4 2048 2 6.020957 99997
iozone 4 2048 3 6.139138 99998
iozone 4 2048 4 6.182907 99998
iozone 4 2048 5 6.185745 99998
iozone 4 2048 6 6.218470 99997
iozone 4 4096 1 5.539742 99997
iozone 4 4096 2 5.838986 99998
iozone 4 4096 3 5.962240 99997
iozone 4 4096 4 5.955082 99998
iozone 4 4096 5 5.977987 99998
iozone 4 4096 6 6.021283 99997
iozone 4 8192 1 5.377720 99998
iozone 4 8192 2 5.673438 99998
iozone 4 8192 3 5.757885 99998
iozone 4 8192 4 5.805856 99998
iozone 4 8192 5 5.826806 99998
iozone 4 8192 6 5.858838 99998
iozone 4 16384 1 5.084543 99998
iozone 4 16384 2 5.351610 99997
iozone 4 16384 3 5.439355 99998
iozone 4 16384 4 5.481893 99997
iozone 4 16384 5 5.492683 99998
iozone 4 16384 6 5.506431 99998
iozone 4 32768 1 4.466158 99997
iozone 4 32768 2 4.649196 99997
iozone 4 32768 3 4.714933 99998
iozone 4 32768 4 4.738085 99998
iozone 4 32768 5 4.766429 99998
iozone 4 32768 6 4.769617 99997
iozone 4 65536 1 2.926082 99998
iozone 4 65536 2 3.049225 99998
iozone 4 65536 3 3.061227 99998
iozone 4 65536 4 3.075287 99998
iozone 4 65536 5 3.089140 99997
iozone 4 65536 6 3.091603 99997
random-writebiased-100k 1 2048 1 0.396235 99999
random-writebiased-100k 1 2048 2 0.397598 99999
random-writebiased-100k 1 2048 3 0.401875 99999
random-writebiased-100k 1 2048 4 0.404986 99999
random-writebiased-100k 1 2048 5 0.407937 99999
random-writebiased-100k 1 2048 6 0.412671 99999
random-writebiased-100k 1 4096 1 0.394393 99999
random-writebiased-100k 1 4096 2 0.398722 99999
random-writebiased-100k 1 4096 3 0.401489 99999
random-writebiased-100k 1 4096 4 0.402345 99999
random-writebiased-100k 1 4096 5 0.408035 99999
random-writebiased-100k 1 4096 6 0.412195 99999
random-writebiased-100k 1 8192 1 0.394690 99999
random-writebiased-100k 1 8192 2 0.396999 99999
random-writebiased-100k 1 8192 3 0.400639 99999
random-writebiased-100k 1 8192 4 0.403335 99999
random-writebiased-100k 1 8192 5 0.407242 99999
random-writebiased-100k 1 8192 6 0.409319 99999
random-writebiased-100k 1 16384 1 0.393359 99999
random-writebiased-100k 1 16384 2 0.398111 99999
random-writebiased-100k 1 16384 3 0.402145 99999
random-writebiased-100k 1 16384 4 0.403543 99999
random-writebiased-100k 1 16384 5 0.406913 99999
random-writebiased-100k 1 16384 6 0.410612 99999
random-writebiased-100k 1 32768 1 0.394511 99999
random-writebiased-100k 1 32768 2 0.396791 99999
random-writebiased-100k 1 32768 3 0.401130 99999
random-writebiased-100k 1 32768 4 0.403824 99999
random-writebiased-100k 1 32768 5 0.406125 99999
random-writebiased-100k 1 32768 6 0.410200 99999
random-writebiased-100k 1 65536 1 0.394923 99999
random-writebiased-100k 1 65536 2 0.396421 99999
random-writebiased-100k 1 65536 3 0.400582 99999
random-writebiased-100k 1 65536 4 0.403433 99999
random-writebiased-100k 1 65536 5 0.406023 99999
random-writebiased-100k 1 65536 6 0.410403 99999
random-writebiased-100k 2 2048 1 0.395335 99999
random-writebiased-100k 2 2048 2 0.396994 99999
random-writebiased-100k 2 2048 3 0.399538 99999
random-writebiased-100k 2 2048 4 0.404412 99999
random-writebiased-100k 2 2048 5 0.407938 99999
random-writebiased-100k 2 2048 6 0.412482 99999
random-writebiased-100k 2 4096 1 0.392937 99999
random-writebiased-100k 2 4096 2 0.396438 99999
random-writebiased-100k 2 4096 3 0.400143 99999
random-writebiased-100k 2 4096 4 0.404789 99999
random-writebiased-100k 2 4096 5 0.406595 99999
random-writebiased-100k 2 4096 6 0.412731 99999
random-writebiased-100k 2 8192 1 0.395128 99999
random-writebiased-100k 2 8192 2 0.397270 99999
random-writebiased-100k 2 8192 3 0.400446 99999
random-writebiased-100k 2 8192 4 0.403502 99999
random-writebiased-100k 2 8192 5 0.407446 99999
random-writebiased-100k 2 8192 6 0.411416 99999
random-writebiased-100k 2 16384 1 0.394414 99999
random-writebiased-100k 2 16384 2 0.398647 99999
random-writebiased-100k 2 16384 3 0.400563 99999
random-writebiased-100k 2 16384 4 0.404485 99999
random-writebiased-100k 2 16384 5 0.405447 99999
random-writebiased-100k 2 16384 6 0.412861 99999
random-writebiased-100k 2 32768 1 0.394587 99999
random-writebiased-100k 2 32768 2 0.396630 99999
random-writebiased-100k 2 32768 3 0.399925 99999
random-writebiased-100k 2 32768 4 0.404399 99999
random-writebiased-100k 2 32768 5 0.407020 99999
random-writebiased-100k 2 32768 6 0.410924 99999
random-writebiased-100k 2 65536 1 0.394616 99999
